[2025-12-20 14:57:42] INFO     root         Logging initialized. Writing to logs/app.log
[2025-12-20 14:57:42] INFO     root         Logging initialized. Writing to logs/app.log
[2025-12-20 15:00:55] INFO     root         Logging initialized. Writing to logs/app.log
[2025-12-20 15:00:55] INFO     root         Logging initialized. Writing to logs/app.log
[2025-12-20 15:10:14] INFO     root         Logging initialized. Writing to logs/app.log
[2025-12-20 15:10:14] INFO     root         Logging initialized. Writing to logs/app.log
[2025-12-20 15:12:51] INFO     root         Logging initialized. Writing to logs/app.log
[2025-12-20 15:12:51] INFO     root         Logging initialized. Writing to logs/app.log
[2025-12-20 15:13:47] INFO     root         Logging initialized. Writing to logs/app.log
[2025-12-20 15:13:47] WARNING  werkzeug      * Debugger is active!
[2025-12-20 15:16:30] INFO     root         Logging initialized. Writing to logs/app.log
[2025-12-20 16:46:19] INFO     root         Logging initialized. Writing to logs/app.log
[2025-12-20 16:46:19] INFO     root         Logging initialized. Writing to logs/app.log
[2025-12-20 18:41:06] INFO     root         Logging initialized. Writing to logs/app.log
[2025-12-20 18:41:06] INFO     root         Logging initialized. Writing to logs/app.log
[2025-12-20 18:50:53] INFO     root         Logging initialized. Writing to logs/app.log
[2025-12-20 18:50:53] INFO     root         Logging initialized. Writing to logs/app.log
[2025-12-20 18:55:38] INFO     root         Logging initialized. Writing to logs/app.log
[2025-12-20 18:55:38] INFO     root         Logging initialized. Writing to logs/app.log
[2025-12-20 18:56:31] INFO     root         Logging initialized. Writing to logs/app.log
[2025-12-20 18:56:31] INFO     root         Logging initialized. Writing to logs/app.log
[2025-12-20 18:57:37] INFO     root         Logging initialized. Writing to logs/app.log
[2025-12-20 18:57:37] INFO     root         Logging initialized. Writing to logs/app.log
[2025-12-20 18:58:18] INFO     root         Logging initialized. Writing to logs/app.log
[2025-12-20 18:58:19] INFO     root         Logging initialized. Writing to logs/app.log
[2025-12-20 19:01:07] INFO     root         Logging initialized. Writing to logs/app.log
[2025-12-20 19:01:07] INFO     root         Logging initialized. Writing to logs/app.log
[2025-12-20 19:10:59] INFO     root         Logging initialized. Writing to logs/app.log
[2025-12-20 19:10:59] INFO     root         Logging initialized. Writing to logs/app.log
[2025-12-20 19:12:35] INFO     root         Logging initialized. Writing to logs/app.log
[2025-12-20 19:12:35] INFO     root         Logging initialized. Writing to logs/app.log
[2025-12-20 19:14:04] INFO     root         Logging initialized. Writing to logs/app.log
[2025-12-20 19:14:04] INFO     root         Logging initialized. Writing to logs/app.log
[2025-12-20 19:16:13] INFO     root         Logging initialized. Writing to logs/app.log
[2025-12-20 19:16:14] INFO     root         Logging initialized. Writing to logs/app.log
[2025-12-20 19:22:39] INFO     root         Logging initialized. Writing to logs/app.log
[2025-12-20 19:22:39] INFO     root         Logging initialized. Writing to logs/app.log
[2025-12-20 19:24:00] INFO     root         Logging initialized. Writing to logs/app.log
[2025-12-20 19:24:00] INFO     root         Logging initialized. Writing to logs/app.log
[2025-12-20 19:29:02] INFO     root         Logging initialized. Writing to logs/app.log
[2025-12-20 19:29:02] INFO     root         Logging initialized. Writing to logs/app.log
[2025-12-20 19:30:58] INFO     root         Logging initialized. Writing to logs/app.log
[2025-12-20 19:30:58] INFO     root         Logging initialized. Writing to logs/app.log
[2025-12-20 19:35:19] INFO     root         Logging initialized. Writing to logs/app.log
[2025-12-20 19:35:20] INFO     root         Logging initialized. Writing to logs/app.log
[2025-12-20 19:37:43] INFO     root         Logging initialized. Writing to logs/app.log
[2025-12-20 19:37:43] INFO     root         Logging initialized. Writing to logs/app.log
[2025-12-20 19:45:56] INFO     root         Logging initialized. Writing to logs/app.log
[2025-12-20 19:45:56] INFO     root         Logging initialized. Writing to logs/app.log
[2025-12-20 19:47:24] INFO     root         Logging initialized. Writing to logs/app.log
[2025-12-20 19:47:24] INFO     root         Logging initialized. Writing to logs/app.log
[2025-12-20 19:49:44] INFO     root         Logging initialized. Writing to logs/app.log
[2025-12-20 19:49:44] INFO     root         Logging initialized. Writing to logs/app.log
[2025-12-20 19:54:23] INFO     root         Logging initialized. Writing to logs/app.log
[2025-12-20 19:54:23] INFO     root         Logging initialized. Writing to logs/app.log
[2025-12-21 12:51:04] INFO     root         Logging initialized. Writing to logs/app.log
[2025-12-21 12:51:04] INFO     root         Logging initialized. Writing to logs/app.log
[2025-12-21 12:54:07] INFO     root         Logging initialized. Writing to logs/app.log
[2025-12-21 12:54:07] INFO     root         Logging initialized. Writing to logs/app.log
[2025-12-21 12:57:12] INFO     root         Logging initialized. Writing to logs/app.log
[2025-12-21 12:57:12] INFO     root         Logging initialized. Writing to logs/app.log
[2025-12-21 13:14:53] INFO     root         Logging initialized. Writing to logs/app.log
[2025-12-21 13:14:53] INFO     root         Logging initialized. Writing to logs/app.log
[2025-12-21 13:19:46] INFO     root         Logging initialized. Writing to logs/app.log
[2025-12-21 13:19:46] INFO     root         Logging initialized. Writing to logs/app.log
[2025-12-21 13:26:44] INFO     root         Logging initialized. Writing to logs/app.log
[2025-12-21 13:26:44] INFO     root         Logging initialized. Writing to logs/app.log
[2025-12-21 13:54:17] INFO     root         Logging initialized. Writing to logs/app.log
[2025-12-21 13:54:18] INFO     root         Logging initialized. Writing to logs/app.log
[2025-12-21 14:51:28] INFO     root         Logging initialized. Writing to logs/app.log
[2025-12-21 14:51:28] INFO     root         Logging initialized. Writing to logs/app.log
[2025-12-21 15:38:55] INFO     root         Logging initialized. Writing to logs/app.log
[2025-12-21 15:38:55] INFO     root         Logging initialized. Writing to logs/app.log
[2025-12-21 15:46:30] INFO     root         Logging initialized. Writing to logs/app.log
[2025-12-21 15:46:45] INFO     root         Logging initialized. Writing to logs/app.log
[2025-12-21 15:48:26] INFO     root         Logging initialized. Writing to logs/app.log
[2025-12-21 15:48:40] INFO     root         Logging initialized. Writing to logs/app.log
[2025-12-21 15:54:18] INFO     root         Logging initialized. Writing to logs/app.log
[2025-12-21 15:54:19] INFO     root         Logging initialized. Writing to logs/app.log
[2025-12-21 16:19:59] INFO     root         Logging initialized. Writing to logs/app.log
[2025-12-21 16:19:59] INFO     root         Logging initialized. Writing to logs/app.log
[2025-12-21 21:56:55] INFO     root         Logging initialized. Writing to logs/app.log
[2025-12-21 21:56:55] INFO     root         Logging initialized. Writing to logs/app.log
[2025-12-25 17:18:19] INFO     root         Logging initialized. Writing to logs/app.log
[2025-12-25 17:18:19] WARNING  werkzeug      * Debugger is active!
[2025-12-25 17:19:17] INFO     root         Logging initialized. Writing to logs/app.log
[2025-12-25 17:19:17] WARNING  werkzeug      * Debugger is active!
[2025-12-25 17:22:29] INFO     root         Logging initialized. Writing to logs/app.log
[2025-12-25 17:22:29] INFO     root         Logging initialized. Writing to logs/app.log
[2025-12-25 17:27:58] INFO     root         Logging initialized. Writing to logs/app.log
[2025-12-25 17:27:58] INFO     root         Logging initialized. Writing to logs/app.log
[2025-12-25 20:45:35] INFO     root         Logging initialized. Writing to logs/app.log
[2025-12-25 20:45:35] INFO     root         Logging initialized. Writing to logs/app.log
[2025-12-25 21:00:08] INFO     root         Logging initialized. Writing to logs/app.log
[2025-12-25 21:00:08] INFO     root         Logging initialized. Writing to logs/app.log
[2025-12-25 21:20:25] INFO     root         Logging initialized. Writing to logs/app.log
[2025-12-25 21:20:25] INFO     root         Logging initialized. Writing to logs/app.log
[2025-12-25 21:23:01] INFO     root         Logging initialized. Writing to logs/app.log
[2025-12-25 21:23:01] INFO     root         Logging initialized. Writing to logs/app.log
[2025-12-25 21:23:37] INFO     root         Logging initialized. Writing to logs/app.log
[2025-12-25 21:23:37] INFO     root         Logging initialized. Writing to logs/app.log
[2025-12-25 21:29:30] INFO     root         Logging initialized. Writing to logs/app.log
[2025-12-25 21:29:31] INFO     root         Logging initialized. Writing to logs/app.log
[2025-12-25 21:30:22] INFO     root         Logging initialized. Writing to logs/app.log
[2025-12-25 21:30:22] INFO     root         Logging initialized. Writing to logs/app.log
[2025-12-25 21:40:19] INFO     root         Logging initialized. Writing to logs/app.log
[2025-12-25 21:40:37] INFO     root         Logging initialized. Writing to logs/app.log
[2025-12-25 22:07:15] INFO     root         Logging initialized. Writing to logs/app.log
[2025-12-25 22:07:15] INFO     root         Logging initialized. Writing to logs/app.log
[2025-12-25 22:21:36] INFO     root         Logging initialized. Writing to logs/app.log
[2025-12-25 22:21:36] INFO     root         Logging initialized. Writing to logs/app.log
[2025-12-25 22:38:16] INFO     root         Logging initialized. Writing to logs/app.log
[2025-12-25 22:38:34] INFO     root         Logging initialized. Writing to logs/app.log
[2025-12-25 22:39:10] INFO     root         Logging initialized. Writing to logs/app.log
[2025-12-25 22:39:26] INFO     root         Logging initialized. Writing to logs/app.log
[2025-12-25 22:40:13] INFO     root         Logging initialized. Writing to logs/app.log
[2025-12-25 22:40:30] INFO     root         Logging initialized. Writing to logs/app.log
[2025-12-25 22:41:19] INFO     root         Logging initialized. Writing to logs/app.log
[2025-12-25 22:41:35] INFO     root         Logging initialized. Writing to logs/app.log
[2025-12-25 22:42:54] INFO     root         Logging initialized. Writing to logs/app.log
[2025-12-25 22:43:10] INFO     root         Logging initialized. Writing to logs/app.log
[2025-12-25 22:43:55] INFO     root         Logging initialized. Writing to logs/app.log
[2025-12-25 22:44:12] INFO     root         Logging initialized. Writing to logs/app.log
[2025-12-25 22:45:08] INFO     root         Logging initialized. Writing to logs/app.log
[2025-12-25 22:45:50] INFO     root         Logging initialized. Writing to logs/app.log
[2025-12-25 22:46:07] INFO     root         Logging initialized. Writing to logs/app.log
[2025-12-25 22:47:20] INFO     root         Logging initialized. Writing to logs/app.log
[2025-12-25 22:47:37] INFO     root         Logging initialized. Writing to logs/app.log
[2025-12-25 22:49:16] INFO     root         Logging initialized. Writing to logs/app.log
[2025-12-25 22:49:33] INFO     root         Logging initialized. Writing to logs/app.log
[2025-12-25 22:51:15] INFO     root         Logging initialized. Writing to logs/app.log
[2025-12-25 22:51:32] INFO     root         Logging initialized. Writing to logs/app.log
[2025-12-25 22:52:44] INFO     root         Logging initialized. Writing to logs/app.log
[2025-12-25 22:53:01] INFO     root         Logging initialized. Writing to logs/app.log
[2025-12-25 23:22:20] INFO     root         Logging initialized. Writing to logs/app.log
[2025-12-25 23:22:44] INFO     root         Logging initialized. Writing to logs/app.log
[2025-12-25 23:24:59] INFO     root         Logging initialized. Writing to logs/app.log
[2025-12-25 23:25:18] INFO     root         Logging initialized. Writing to logs/app.log
[2025-12-25 23:26:18] INFO     root         Logging initialized. Writing to logs/app.log
[2025-12-25 23:26:35] INFO     root         Logging initialized. Writing to logs/app.log
[2025-12-25 23:27:32] INFO     root         Logging initialized. Writing to logs/app.log
[2025-12-25 23:27:47] INFO     root         Logging initialized. Writing to logs/app.log
[2025-12-25 23:28:53] INFO     root         Logging initialized. Writing to logs/app.log
[2025-12-25 23:29:09] INFO     root         Logging initialized. Writing to logs/app.log
[2025-12-25 23:31:16] INFO     root         Logging initialized. Writing to logs/app.log
[2025-12-25 23:31:39] INFO     root         Logging initialized. Writing to logs/app.log
[2025-12-25 23:33:49] INFO     root         Logging initialized. Writing to logs/app.log
[2025-12-25 23:34:07] INFO     root         Logging initialized. Writing to logs/app.log
[2025-12-25 23:36:48] INFO     root         Logging initialized. Writing to logs/app.log
[2025-12-25 23:36:48] INFO     root         Logging initialized. Writing to logs/app.log
[2025-12-27 12:29:02] INFO     root         Logging initialized. Writing to logs/app.log
[2025-12-27 12:29:03] WARNING  werkzeug      * Debugger is active!
[2025-12-27 12:33:45] INFO     root         Logging initialized. Writing to logs/app.log
[2025-12-27 12:38:41] INFO     root         Logging initialized. Writing to logs/app.log
[2025-12-27 12:38:41] INFO     root         Logging initialized. Writing to logs/app.log
[2025-12-27 12:38:51] INFO     root         Logging initialized. Writing to logs/app.log
[2025-12-27 12:38:51] WARNING  werkzeug      * Debugger is active!
[2025-12-27 12:42:31] INFO     root         Logging initialized. Writing to logs/app.log
[2025-12-27 12:42:31] WARNING  werkzeug      * Debugger is active!
[2025-12-27 12:43:05] INFO     root         Logging initialized. Writing to logs/app.log
[2025-12-27 18:03:45] INFO     root         Logging initialized. Writing to logs/app.log
[2025-12-27 18:03:45] INFO     root         Logging initialized. Writing to logs/app.log
[2025-12-27 18:03:53] INFO     root         Logging initialized. Writing to logs/app.log
[2025-12-27 18:03:53] WARNING  werkzeug      * Debugger is active!
[2025-12-27 19:41:47] INFO     root         Logging initialized. Writing to logs/app.log
[2025-12-27 19:41:48] INFO     root         Logging initialized. Writing to logs/app.log
[2025-12-27 19:41:56] INFO     root         Logging initialized. Writing to logs/app.log
[2025-12-27 19:41:56] WARNING  werkzeug      * Debugger is active!
[2025-12-29 08:48:06] ERROR    argostranslate.utils (URLError(gaierror(-3, 'Temporary failure in name resolution')),)
[2025-12-29 08:48:06] ERROR    argostranslate.utils (URLError(gaierror(-3, 'Temporary failure in name resolution')),)
[2025-12-29 19:58:07] INFO     root         Logging initialized. Writing to logs/app.log
[2025-12-29 19:58:16] INFO     root         Logging initialized. Writing to logs/app.log
[2025-12-29 20:15:24] INFO     root         Logging initialized. Writing to logs/app.log
[2025-12-29 20:15:24] INFO     root         Logging initialized. Writing to logs/app.log
[2025-12-29 20:15:33] INFO     root         Logging initialized. Writing to logs/app.log
[2025-12-29 20:15:33] WARNING  werkzeug      * Debugger is active!
[2025-12-29 20:31:35] INFO     root         Logging initialized. Writing to logs/app.log
[2025-12-29 20:31:36] INFO     root         Logging initialized. Writing to logs/app.log
[2025-12-29 20:31:46] INFO     root         Logging initialized. Writing to logs/app.log
[2025-12-29 20:31:46] WARNING  werkzeug      * Debugger is active!
[2025-12-29 21:30:36] INFO     root         Logging initialized. Writing to logs/app.log
[2025-12-29 21:30:45] INFO     root         Logging initialized. Writing to logs/app.log
[2025-12-29 21:33:21] INFO     root         Logging initialized. Writing to logs/app.log
[2025-12-29 21:33:21] INFO     root         Logging initialized. Writing to logs/app.log
[2025-12-29 21:33:29] INFO     root         Logging initialized. Writing to logs/app.log
[2025-12-29 21:33:29] WARNING  werkzeug      * Debugger is active!
[2025-12-30 11:43:58] INFO     root         Logging initialized. Writing to logs/app.log
[2025-12-30 11:44:24] INFO     root         Logging initialized. Writing to logs/app.log
[2025-12-30 11:45:17] INFO     root         Logging initialized. Writing to logs/app.log
[2025-12-30 11:45:34] INFO     root         Logging initialized. Writing to logs/app.log
[2025-12-30 11:46:05] INFO     root         Logging initialized. Writing to logs/app.log
[2025-12-30 11:46:48] INFO     root         Logging initialized. Writing to logs/app.log
[2025-12-30 11:47:07] INFO     root         Logging initialized. Writing to logs/app.log
[2025-12-30 11:47:58] INFO     root         Logging initialized. Writing to logs/app.log
[2025-12-30 11:48:17] INFO     root         Logging initialized. Writing to logs/app.log
[2025-12-30 11:50:20] INFO     root         Logging initialized. Writing to logs/app.log
[2025-12-30 11:50:39] INFO     root         Logging initialized. Writing to logs/app.log
[2025-12-30 11:51:50] INFO     root         Logging initialized. Writing to logs/app.log
[2025-12-30 11:52:07] INFO     root         Logging initialized. Writing to logs/app.log
[2025-12-30 11:53:08] INFO     root         Logging initialized. Writing to logs/app.log
[2025-12-30 11:53:25] INFO     root         Logging initialized. Writing to logs/app.log
[2025-12-30 11:57:16] INFO     root         Logging initialized. Writing to logs/app.log
[2025-12-30 11:57:16] INFO     root         Logging initialized. Writing to logs/app.log
[2025-12-30 11:57:27] INFO     root         Logging initialized. Writing to logs/app.log
[2025-12-30 11:57:27] WARNING  werkzeug      * Debugger is active!
[2025-12-30 12:17:05] INFO     root         Logging initialized. Writing to logs/app.log
[2025-12-30 12:17:23] INFO     root         Logging initialized. Writing to logs/app.log
[2025-12-30 15:51:46] INFO     root         Logging initialized. Writing to logs/app.log
[2025-12-30 15:51:55] INFO     root         Logging initialized. Writing to logs/app.log
[2025-12-30 15:52:49] INFO     root         Logging initialized. Writing to logs/app.log
[2025-12-30 15:53:02] INFO     root         Logging initialized. Writing to logs/app.log
[2025-12-30 15:53:38] INFO     root         Logging initialized. Writing to logs/app.log
[2025-12-30 15:53:48] INFO     root         Logging initialized. Writing to logs/app.log
[2025-12-30 15:56:30] INFO     root         Logging initialized. Writing to logs/app.log
[2025-12-30 15:56:41] INFO     root         Logging initialized. Writing to logs/app.log
[2026-01-01 13:28:02] INFO     root         Logging initialized. Writing to logs/app.log
[2026-01-01 13:28:02] INFO     root         Logging initialized. Writing to logs/app.log
[2026-01-01 13:28:17] INFO     root         Logging initialized. Writing to logs/app.log
[2026-01-01 13:28:17] WARNING  werkzeug      * Debugger is active!
[2026-01-01 13:34:36] INFO     root         Logging initialized. Writing to logs/app.log
[2026-01-01 13:34:52] INFO     root         Logging initialized. Writing to logs/app.log
[2026-01-01 13:53:27] INFO     root         Logging initialized. Writing to logs/app.log
[2026-01-01 13:53:27] INFO     root         Logging initialized. Writing to logs/app.log
[2026-01-01 13:53:38] INFO     root         Logging initialized. Writing to logs/app.log
[2026-01-01 13:53:38] WARNING  werkzeug      * Debugger is active!
[2026-01-01 14:00:00] INFO     root         Logging initialized. Writing to logs/app.log
[2026-01-01 14:00:18] INFO     root         Logging initialized. Writing to logs/app.log
[2026-01-01 15:01:24] INFO     root         Logging initialized. Writing to logs/app.log
[2026-01-01 15:01:42] INFO     root         Logging initialized. Writing to logs/app.log
[2026-01-01 15:02:45] INFO     root         Logging initialized. Writing to logs/app.log
[2026-01-01 15:03:03] INFO     root         Logging initialized. Writing to logs/app.log
[2026-01-01 15:04:17] INFO     root         Logging initialized. Writing to logs/app.log
[2026-01-01 15:04:35] INFO     root         Logging initialized. Writing to logs/app.log
[2026-01-01 15:05:56] INFO     root         Logging initialized. Writing to logs/app.log
[2026-01-01 15:06:15] INFO     root         Logging initialized. Writing to logs/app.log
[2026-01-01 15:07:35] INFO     root         Logging initialized. Writing to logs/app.log
[2026-01-01 15:07:54] INFO     root         Logging initialized. Writing to logs/app.log
[2026-01-01 15:09:17] INFO     root         Logging initialized. Writing to logs/app.log
[2026-01-01 15:09:37] INFO     root         Logging initialized. Writing to logs/app.log
[2026-01-01 15:11:04] INFO     root         Logging initialized. Writing to logs/app.log
[2026-01-01 15:11:24] INFO     root         Logging initialized. Writing to logs/app.log
[2026-01-01 15:12:44] INFO     root         Logging initialized. Writing to logs/app.log
[2026-01-01 15:13:03] INFO     root         Logging initialized. Writing to logs/app.log
[2026-01-01 15:16:55] INFO     root         Logging initialized. Writing to logs/app.log
[2026-01-01 15:16:56] INFO     root         Logging initialized. Writing to logs/app.log
[2026-01-01 15:17:11] INFO     root         Logging initialized. Writing to logs/app.log
[2026-01-01 15:17:11] WARNING  werkzeug      * Debugger is active!
[2026-01-01 15:39:39] INFO     root         Logging initialized. Writing to logs/app.log
[2026-01-01 15:40:49] INFO     root         Logging initialized. Writing to logs/app.log
[2026-01-01 15:41:06] INFO     root         Logging initialized. Writing to logs/app.log
[2026-01-01 15:41:50] INFO     root         Logging initialized. Writing to logs/app.log
[2026-01-01 15:42:06] INFO     root         Logging initialized. Writing to logs/app.log
[2026-01-01 15:54:35] INFO     root         Logging initialized. Writing to logs/app.log
[2026-01-01 15:54:36] INFO     root         Logging initialized. Writing to logs/app.log
[2026-01-01 15:54:49] INFO     root         Logging initialized. Writing to logs/app.log
[2026-01-01 15:54:49] WARNING  werkzeug      * Debugger is active!
[2026-01-01 17:13:27] INFO     root         Logging initialized. Writing to logs/app.log
[2026-01-01 17:13:37] INFO     root         Logging initialized. Writing to logs/app.log
[2026-01-01 19:42:55] INFO     root         Logging initialized. Writing to logs/app.log
[2026-01-01 19:42:56] INFO     root         Logging initialized. Writing to logs/app.log
[2026-01-01 19:43:10] INFO     root         Logging initialized. Writing to logs/app.log
[2026-01-01 19:43:10] WARNING  werkzeug      * Debugger is active!
[2026-01-02 14:30:17] INFO     root         Logging initialized. Writing to logs/app.log
[2026-01-02 14:30:48] INFO     root         Logging initialized. Writing to logs/app.log
[2026-01-02 14:30:48] WARNING  werkzeug      * Debugger is active!
[2026-01-02 14:31:05] INFO     root         Logging initialized. Writing to logs/app.log
[2026-01-02 14:31:05] WARNING  werkzeug      * Debugger is active!
[2026-01-02 14:31:13] INFO     root         Logging initialized. Writing to logs/app.log
[2026-01-02 14:31:28] INFO     root         Logging initialized. Writing to logs/app.log
[2026-01-02 14:31:45] INFO     root         Logging initialized. Writing to logs/app.log
[2026-01-02 14:32:22] INFO     root         Logging initialized. Writing to logs/app.log
[2026-01-02 14:32:33] INFO     root         Logging initialized. Writing to logs/app.log
[2026-01-02 14:47:10] INFO     root         Logging initialized. Writing to logs/app.log
[2026-01-02 14:47:20] INFO     root         Logging initialized. Writing to logs/app.log
[2026-01-02 14:54:47] INFO     root         Logging initialized. Writing to logs/app.log
[2026-01-02 14:54:47] INFO     root         Logging initialized. Writing to logs/app.log
[2026-01-02 14:54:55] INFO     root         Logging initialized. Writing to logs/app.log
[2026-01-02 14:54:56] WARNING  werkzeug      * Debugger is active!
[2026-01-02 16:11:51] INFO     root         Logging initialized. Writing to logs/app.log
[2026-01-02 16:11:51] INFO     root         Logging initialized. Writing to logs/app.log
[2026-01-02 16:12:10] INFO     root         Logging initialized. Writing to logs/app.log
[2026-01-02 16:12:10] WARNING  werkzeug      * Debugger is active!
[2026-01-02 16:14:30] INFO     root         Logging initialized. Writing to logs/app.log
[2026-01-02 16:15:58] INFO     root         Logging initialized. Writing to logs/app.log
[2026-01-02 16:16:19] INFO     root         Logging initialized. Writing to logs/app.log
[2026-01-02 16:23:13] INFO     root         Logging initialized. Writing to logs/app.log
[2026-01-02 16:23:13] WARNING  werkzeug      * Debugger is active!
[2026-01-02 16:23:38] INFO     root         Logging initialized. Writing to logs/app.log
[2026-01-02 16:23:38] WARNING  werkzeug      * Debugger is active!
[2026-01-02 16:26:08] INFO     root         Logging initialized. Writing to logs/app.log
[2026-01-02 16:26:27] INFO     root         Logging initialized. Writing to logs/app.log
[2026-01-02 16:29:09] INFO     root         Logging initialized. Writing to logs/app.log
[2026-01-02 16:29:09] INFO     root         Logging initialized. Writing to logs/app.log
[2026-01-02 16:29:25] INFO     root         Logging initialized. Writing to logs/app.log
[2026-01-02 16:29:25] WARNING  werkzeug      * Debugger is active!
[2026-01-02 16:33:31] INFO     root         Logging initialized. Writing to logs/app.log
[2026-01-02 16:33:49] INFO     root         Logging initialized. Writing to logs/app.log
[2026-01-02 16:34:56] INFO     root         Logging initialized. Writing to logs/app.log
[2026-01-02 16:35:16] INFO     root         Logging initialized. Writing to logs/app.log
[2026-01-02 16:47:21] INFO     root         Logging initialized. Writing to logs/app.log
[2026-01-02 16:47:40] INFO     root         Logging initialized. Writing to logs/app.log
[2026-01-02 16:49:16] INFO     root         Logging initialized. Writing to logs/app.log
[2026-01-02 16:49:36] INFO     root         Logging initialized. Writing to logs/app.log
[2026-01-02 16:51:07] INFO     root         Logging initialized. Writing to logs/app.log
[2026-01-02 16:51:27] INFO     root         Logging initialized. Writing to logs/app.log
[2026-01-02 16:52:47] INFO     root         Logging initialized. Writing to logs/app.log
[2026-01-02 16:53:06] INFO     root         Logging initialized. Writing to logs/app.log
[2026-01-02 16:55:14] INFO     root         Logging initialized. Writing to logs/app.log
[2026-01-02 16:55:34] INFO     root         Logging initialized. Writing to logs/app.log
[2026-01-02 16:58:07] INFO     root         Logging initialized. Writing to logs/app.log
[2026-01-02 16:58:26] INFO     root         Logging initialized. Writing to logs/app.log
[2026-01-02 17:31:38] INFO     root         Logging initialized. Writing to logs/app.log
[2026-01-02 17:31:59] INFO     root         Logging initialized. Writing to logs/app.log
[2026-01-02 17:34:57] INFO     root         Logging initialized. Writing to logs/app.log
[2026-01-02 17:35:18] INFO     root         Logging initialized. Writing to logs/app.log
[2026-01-02 17:36:49] INFO     root         Logging initialized. Writing to logs/app.log
[2026-01-02 17:37:09] INFO     root         Logging initialized. Writing to logs/app.log
[2026-01-02 18:19:49] INFO     root         Logging initialized. Writing to logs/app.log
[2026-01-02 18:19:49] INFO     root         Logging initialized. Writing to logs/app.log
[2026-01-02 18:20:05] INFO     root         Logging initialized. Writing to logs/app.log
[2026-01-02 18:20:05] WARNING  werkzeug      * Debugger is active!
[2026-01-02 20:29:57] INFO     root         Logging initialized. Writing to logs/app.log
[2026-01-02 20:29:57] WARNING  werkzeug      * Debugger is active!
[2026-01-02 20:31:54] INFO     root         Logging initialized. Writing to logs/app.log
[2026-01-02 20:31:54] INFO     root         Logging initialized. Writing to logs/app.log
[2026-01-02 20:32:10] INFO     root         Logging initialized. Writing to logs/app.log
[2026-01-02 20:32:10] WARNING  werkzeug      * Debugger is active!
[2026-01-02 20:32:33] INFO     root         Logging initialized. Writing to logs/app.log
[2026-01-02 20:32:38] INFO     httpx        HTTP Request: POST http://localhost:11434/api/embed "HTTP/1.1 200 OK"
[2026-01-02 20:34:07] INFO     httpx        HTTP Request: POST http://localhost:11434/api/chat "HTTP/1.1 200 OK"
[2026-01-02 20:34:17] INFO     httpx        HTTP Request: POST http://localhost:11434/api/embed "HTTP/1.1 200 OK"
[2026-01-02 20:34:23] INFO     httpx        HTTP Request: POST http://localhost:11434/api/chat "HTTP/1.1 200 OK"
[2026-01-02 20:34:44] INFO     httpx        HTTP Request: POST http://localhost:11434/api/embed "HTTP/1.1 200 OK"
[2026-01-02 20:34:57] INFO     httpx        HTTP Request: POST http://localhost:11434/api/chat "HTTP/1.1 200 OK"
[2026-01-02 20:35:18] INFO     httpx        HTTP Request: POST http://localhost:11434/api/embed "HTTP/1.1 200 OK"
[2026-01-02 20:35:31] INFO     httpx        HTTP Request: POST http://localhost:11434/api/chat "HTTP/1.1 200 OK"
[2026-01-02 20:35:52] INFO     httpx        HTTP Request: POST http://localhost:11434/api/embed "HTTP/1.1 200 OK"
[2026-01-02 20:36:06] INFO     httpx        HTTP Request: POST http://localhost:11434/api/chat "HTTP/1.1 200 OK"
[2026-01-02 20:36:23] INFO     httpx        HTTP Request: POST http://localhost:11434/api/chat "HTTP/1.1 200 OK"
[2026-01-02 20:36:27] WARNING  ai_utils     Agent failed: 1 validation error for translate
target_lang
  Field required [type=missing, input_value={'text': "'Hello World', target_lang='es'"}, input_type=dict]
    For further information visit https://errors.pydantic.dev/2.12/v/missing. Falling back to simple RAG.
[2026-01-02 20:36:27] INFO     httpx        HTTP Request: POST http://localhost:11434/api/embed "HTTP/1.1 200 OK"
[2026-01-02 20:36:30] INFO     httpx        HTTP Request: POST http://localhost:11434/api/chat "HTTP/1.1 200 OK"
[2026-01-02 20:36:30] INFO     httpx        HTTP Request: POST http://localhost:11434/api/embed "HTTP/1.1 200 OK"
[2026-01-02 20:36:30] INFO     argostranslate.utils ('get_installed_languages',)
[2026-01-02 20:36:43] INFO     argostranslate.utils ('paragraphs:', ['Hello'])
[2026-01-02 20:36:43] INFO     argostranslate.utils ('apply_packaged_translation', 'Hello')
[2026-01-02 20:36:43] INFO     argostranslate.utils ('Splitting sentences using SBD Model: (en) StanzaSentencizer',)
[2026-01-02 20:36:43] INFO     argostranslate.utils ('sentences', ['Hello'])
[2026-01-02 20:36:43] INFO     argostranslate.utils ('tokenized', [['▁Hello']])
[2026-01-02 20:36:44] INFO     argostranslate.utils ('translated_batches', [TranslationResult(hypotheses=[['▁Hola', '.']], scores=[-0.6366576552391052], attention=[], logits=[])])
[2026-01-02 20:36:44] INFO     argostranslate.utils ('value_hypotheses:', [('Hola.', -0.6366576552391052)])
[2026-01-02 20:36:44] INFO     argostranslate.utils ('translated_paragraphs:', [[('Hola.', -0.6366576552391052)]])
[2026-01-02 20:36:44] INFO     argostranslate.utils ('hypotheses_to_return:', [('Hola.', -0.6366576552391052)])
[2026-01-02 20:36:44] INFO     extract_tables_to_csv Processing PDF: /home/matis/Desktop/projects/pdf/test_agent.pdf
[2026-01-02 20:36:44] INFO     extract_tables_to_csv Output directory: test_agent_tables
[2026-01-02 20:36:44] INFO     docling.datamodel.document detected formats: [<InputFormat.PDF: 'pdf'>]
[2026-01-02 20:36:44] INFO     docling.document_converter Going to convert document batch...
[2026-01-02 20:36:44] INFO     docling.document_converter Initializing pipeline for StandardPdfPipeline with options hash 44ae89a68fc272bc7889292e9b5a1bad
[2026-01-02 20:36:44] INFO     docling.models.factories.base_factory Loading plugin 'docling_defaults'
[2026-01-02 20:36:44] INFO     docling.models.factories Registered picture descriptions: ['vlm', 'api']
[2026-01-02 20:36:44] INFO     docling.models.factories.base_factory Loading plugin 'docling_defaults'
[2026-01-02 20:36:44] INFO     docling.models.factories Registered ocr engines: ['auto', 'easyocr', 'ocrmac', 'rapidocr', 'tesserocr', 'tesseract']
[2026-01-02 20:36:45] INFO     docling.utils.accelerator_utils Accelerator device: 'cpu'
[2026-01-02 20:36:46] INFO     docling.models.auto_ocr_model Auto OCR model selected rapidocr with onnxruntime.
[2026-01-02 20:36:46] INFO     docling.utils.accelerator_utils Accelerator device: 'cpu'
[2026-01-02 20:36:47] INFO     docling.utils.accelerator_utils Accelerator device: 'cpu'
[2026-01-02 20:36:49] INFO     docling.pipeline.base_pipeline Processing document test_agent.pdf
[2026-01-02 20:36:53] INFO     docling.document_converter Finished converting document test_agent.pdf in 9.62 sec.
[2026-01-02 20:36:53] INFO     extract_tables_to_csv No tables found in the document.
[2026-01-02 20:37:13] INFO     root         Logging initialized. Writing to logs/app.log
[2026-01-02 20:39:18] INFO     chromadb.telemetry.product.posthog Anonymized telemetry enabled. See                     https://docs.trychroma.com/telemetry for more information.
[2026-01-02 20:39:18] INFO     httpx        HTTP Request: POST http://localhost:11434/api/embed "HTTP/1.1 200 OK"
[2026-01-02 20:39:33] ERROR    translation_utils Translation error: Translation failed
[2026-01-02 20:40:24] INFO     root         Logging initialized. Writing to logs/app.log
[2026-01-02 20:41:09] INFO     root         Logging initialized. Writing to logs/app.log
[2026-01-02 20:41:41] INFO     root         Logging initialized. Writing to logs/app.log
[2026-01-02 20:41:42] INFO     root         Logging initialized. Writing to logs/app.log
[2026-01-02 20:41:51] INFO     root         Logging initialized. Writing to logs/app.log
[2026-01-02 20:42:28] INFO     root         Logging initialized. Writing to logs/app.log
[2026-01-02 22:03:08] INFO     root         Logging initialized. Writing to logs/app.log
[2026-01-02 22:03:23] INFO     root         Logging initialized. Writing to logs/app.log
[2026-01-02 22:04:22] INFO     root         Logging initialized. Writing to logs/app.log
[2026-01-02 22:04:37] INFO     root         Logging initialized. Writing to logs/app.log
[2026-01-02 22:05:56] INFO     root         Logging initialized. Writing to logs/app.log
[2026-01-02 22:06:12] INFO     root         Logging initialized. Writing to logs/app.log
[2026-01-02 22:07:38] INFO     root         Logging initialized. Writing to logs/app.log
[2026-01-02 22:07:54] INFO     root         Logging initialized. Writing to logs/app.log
[2026-01-02 22:08:40] INFO     root         Logging initialized. Writing to logs/app.log
[2026-01-02 22:08:55] INFO     root         Logging initialized. Writing to logs/app.log
[2026-01-02 22:10:00] INFO     root         Logging initialized. Writing to logs/app.log
[2026-01-02 22:10:16] INFO     root         Logging initialized. Writing to logs/app.log
[2026-01-02 22:11:22] INFO     root         Logging initialized. Writing to logs/app.log
[2026-01-02 22:11:37] INFO     root         Logging initialized. Writing to logs/app.log
[2026-01-02 22:13:08] INFO     root         Logging initialized. Writing to logs/app.log
[2026-01-02 22:13:24] INFO     root         Logging initialized. Writing to logs/app.log
[2026-01-02 22:14:50] INFO     root         Logging initialized. Writing to logs/app.log
[2026-01-02 22:15:07] INFO     root         Logging initialized. Writing to logs/app.log
[2026-01-02 22:16:26] INFO     root         Logging initialized. Writing to logs/app.log
[2026-01-02 22:16:40] INFO     root         Logging initialized. Writing to logs/app.log
[2026-01-02 22:17:36] INFO     root         Logging initialized. Writing to logs/app.log
[2026-01-02 22:17:58] INFO     root         Logging initialized. Writing to logs/app.log
[2026-01-02 22:20:30] INFO     root         Logging initialized. Writing to logs/app.log
[2026-01-02 22:20:30] INFO     root         Logging initialized. Writing to logs/app.log
[2026-01-02 22:20:44] INFO     root         Logging initialized. Writing to logs/app.log
[2026-01-02 22:20:44] WARNING  werkzeug      * Debugger is active!
[2026-01-02 22:29:04] INFO     root         Logging initialized. Writing to logs/app.log
[2026-01-02 22:29:04] WARNING  werkzeug      * Debugger is active!
[2026-01-02 22:31:06] INFO     root         Logging initialized. Writing to logs/app.log
[2026-01-02 22:31:23] INFO     root         Logging initialized. Writing to logs/app.log
[2026-01-02 22:32:57] INFO     root         Logging initialized. Writing to logs/app.log
[2026-01-02 22:33:15] INFO     root         Logging initialized. Writing to logs/app.log
[2026-01-02 22:34:33] INFO     root         Logging initialized. Writing to logs/app.log
[2026-01-02 22:34:49] INFO     root         Logging initialized. Writing to logs/app.log
[2026-01-02 22:36:15] INFO     root         Logging initialized. Writing to logs/app.log
[2026-01-02 22:36:29] INFO     root         Logging initialized. Writing to logs/app.log
[2026-01-02 22:37:39] INFO     root         Logging initialized. Writing to logs/app.log
[2026-01-02 22:37:54] INFO     root         Logging initialized. Writing to logs/app.log
[2026-01-02 22:39:16] INFO     root         Logging initialized. Writing to logs/app.log
[2026-01-02 22:39:16] WARNING  werkzeug      * Debugger is active!
[2026-01-02 22:39:56] INFO     root         Logging initialized. Writing to logs/app.log
[2026-01-02 22:40:11] INFO     root         Logging initialized. Writing to logs/app.log
[2026-01-02 22:41:19] INFO     root         Logging initialized. Writing to logs/app.log
[2026-01-02 22:41:19] WARNING  werkzeug      * Debugger is active!
[2026-01-02 22:41:23] INFO     root         Logging initialized. Writing to logs/app.log
[2026-01-02 22:41:38] INFO     root         Logging initialized. Writing to logs/app.log
[2026-01-02 22:42:50] INFO     root         Logging initialized. Writing to logs/app.log
[2026-01-02 22:43:05] INFO     root         Logging initialized. Writing to logs/app.log
[2026-01-02 22:44:02] INFO     root         Logging initialized. Writing to logs/app.log
[2026-01-02 22:44:18] INFO     root         Logging initialized. Writing to logs/app.log
[2026-01-02 22:44:23] INFO     app          PDF/A conversion requested for pdfa_test.pdf at level 2b
[2026-01-02 22:44:23] INFO     app          Running command: gs -dPDFA=2 -dBATCH -dNOPAUSE -sColorConversionStrategy=RGB -sDEVICE=pdfwrite -dPDFACompatibilityPolicy=1 -sOutputFile=/home/matis/Desktop/projects/pdf/outputs/pdfa_2b_20260102_224423_pdfa_test.pdf /home/matis/Desktop/projects/pdf/uploads/pdfa_test.pdf
[2026-01-02 22:44:23] INFO     app          Conversion successful: pdfa_2b_20260102_224423_pdfa_test.pdf
[2026-01-02 22:45:06] INFO     root         Logging initialized. Writing to logs/app.log
[2026-01-02 22:45:24] INFO     root         Logging initialized. Writing to logs/app.log
[2026-01-02 22:45:30] INFO     app          PDF/A conversion requested for pdfa_test.pdf at level 2b
[2026-01-02 22:45:30] INFO     app          Running command: gs -dPDFA=2 -dBATCH -dNOPAUSE -sColorConversionStrategy=RGB -sDEVICE=pdfwrite -dPDFACompatibilityPolicy=1 -sOutputFile=/home/matis/Desktop/projects/pdf/outputs/pdfa_2b_20260102_224530_pdfa_test.pdf /home/matis/Desktop/projects/pdf/uploads/pdfa_test.pdf
[2026-01-02 22:45:30] INFO     app          Conversion successful: pdfa_2b_20260102_224530_pdfa_test.pdf
[2026-01-02 22:46:04] INFO     root         Logging initialized. Writing to logs/app.log
[2026-01-02 22:46:24] INFO     root         Logging initialized. Writing to logs/app.log
[2026-01-02 22:46:30] INFO     app          PDF/A conversion requested for pdfa_test.pdf at level 2b
[2026-01-02 22:46:30] INFO     app          Running command: gs -dPDFA=2 -dBATCH -dNOPAUSE -sColorConversionStrategy=RGB -sDEVICE=pdfwrite -dPDFACompatibilityPolicy=1 -sOutputFile=/home/matis/Desktop/projects/pdf/outputs/pdfa_2b_20260102_224630_pdfa_test.pdf /home/matis/Desktop/projects/pdf/uploads/pdfa_test.pdf
[2026-01-02 22:46:30] INFO     app          Conversion successful: pdfa_2b_20260102_224630_pdfa_test.pdf
[2026-01-03 15:31:08] INFO     root         Logging initialized. Writing to logs/app.log
[2026-01-03 15:31:24] INFO     root         Logging initialized. Writing to logs/app.log
[2026-01-03 15:31:29] INFO     app          PDF/A conversion requested for pdfa_test.pdf at level 2b
[2026-01-03 15:31:29] INFO     app          Running command: gs -dPDFA=2 -dBATCH -dNOPAUSE -sColorConversionStrategy=RGB -sDEVICE=pdfwrite -dPDFACompatibilityPolicy=1 -sOutputFile=/home/matis/Desktop/projects/pdf/outputs/pdfa_2b_20260103_153129_pdfa_test.pdf /home/matis/Desktop/projects/pdf/uploads/pdfa_test.pdf
[2026-01-03 15:31:29] INFO     app          Conversion successful: pdfa_2b_20260103_153129_pdfa_test.pdf
[2026-01-03 15:37:27] INFO     root         Logging initialized. Writing to logs/app.log
[2026-01-03 15:37:45] INFO     root         Logging initialized. Writing to logs/app.log
[2026-01-03 15:37:50] INFO     app          PDF/A conversion requested for pdfa_test.pdf at level 2b
[2026-01-03 15:37:50] INFO     app          Running command: gs -dPDFA=2 -dBATCH -dNOPAUSE -sColorConversionStrategy=RGB -sDEVICE=pdfwrite -dPDFACompatibilityPolicy=1 -sOutputFile=/home/matis/Desktop/projects/pdf/outputs/pdfa_2b_20260103_153750_pdfa_test.pdf /home/matis/Desktop/projects/pdf/uploads/pdfa_test.pdf
[2026-01-03 15:37:50] INFO     app          Conversion successful: pdfa_2b_20260103_153750_pdfa_test.pdf
[2026-01-03 16:38:25] INFO     root         Logging initialized. Writing to logs/app.log
[2026-01-03 16:38:25] INFO     root         Logging initialized. Writing to logs/app.log
[2026-01-03 16:38:39] INFO     root         Logging initialized. Writing to logs/app.log
[2026-01-03 16:38:39] WARNING  werkzeug      * Debugger is active!
[2026-01-03 16:40:08] INFO     root         Logging initialized. Writing to logs/app.log
[2026-01-03 16:40:39] INFO     root         Logging initialized. Writing to logs/app.log
[2026-01-03 16:41:28] INFO     root         Logging initialized. Writing to logs/app.log
[2026-01-03 16:41:46] INFO     root         Logging initialized. Writing to logs/app.log
[2026-01-03 16:42:32] INFO     root         Logging initialized. Writing to logs/app.log
[2026-01-03 16:42:51] INFO     root         Logging initialized. Writing to logs/app.log
[2026-01-03 17:04:47] INFO     root         Logging initialized. Writing to logs/app.log
[2026-01-03 17:04:47] WARNING  werkzeug      * Debugger is active!
[2026-01-03 17:05:33] INFO     root         Logging initialized. Writing to logs/app.log
[2026-01-03 17:05:33] WARNING  werkzeug      * Debugger is active!
[2026-01-03 17:06:01] INFO     root         Logging initialized. Writing to logs/app.log
[2026-01-03 17:06:01] WARNING  werkzeug      * Debugger is active!
[2026-01-03 17:07:32] INFO     root         Logging initialized. Writing to logs/app.log
[2026-01-03 17:07:52] INFO     root         Logging initialized. Writing to logs/app.log
[2026-01-03 17:08:53] INFO     root         Logging initialized. Writing to logs/app.log
[2026-01-03 17:09:12] INFO     root         Logging initialized. Writing to logs/app.log
[2026-01-03 17:10:32] INFO     root         Logging initialized. Writing to logs/app.log
[2026-01-03 17:10:51] INFO     root         Logging initialized. Writing to logs/app.log
[2026-01-03 17:11:56] INFO     root         Logging initialized. Writing to logs/app.log
[2026-01-03 17:12:18] INFO     root         Logging initialized. Writing to logs/app.log
[2026-01-03 17:15:03] INFO     root         Logging initialized. Writing to logs/app.log
[2026-01-03 17:15:03] WARNING  werkzeug      * Debugger is active!
[2026-01-03 17:16:01] INFO     root         Logging initialized. Writing to logs/app.log
[2026-01-03 17:16:24] INFO     root         Logging initialized. Writing to logs/app.log
[2026-01-03 17:22:39] INFO     root         Logging initialized. Writing to logs/app.log
[2026-01-03 17:23:01] INFO     root         Logging initialized. Writing to logs/app.log
[2026-01-03 17:24:03] INFO     root         Logging initialized. Writing to logs/app.log
[2026-01-03 17:24:26] INFO     root         Logging initialized. Writing to logs/app.log
[2026-01-03 18:30:58] INFO     root         Logging initialized. Writing to logs/app.log
[2026-01-03 18:31:21] INFO     root         Logging initialized. Writing to logs/app.log
[2026-01-03 18:33:26] INFO     root         Logging initialized. Writing to logs/app.log
[2026-01-03 18:33:46] INFO     root         Logging initialized. Writing to logs/app.log
[2026-01-03 18:35:14] INFO     root         Logging initialized. Writing to logs/app.log
[2026-01-03 18:35:38] INFO     root         Logging initialized. Writing to logs/app.log
[2026-01-03 18:36:09] INFO     root         Logging initialized. Writing to logs/app.log
[2026-01-03 18:36:09] INFO     root         Logging initialized. Writing to logs/app.log
[2026-01-03 18:36:29] INFO     root         Logging initialized. Writing to logs/app.log
[2026-01-03 18:36:29] WARNING  werkzeug      * Debugger is active!
[2026-01-03 18:36:58] INFO     root         Logging initialized. Writing to logs/app.log
[2026-01-03 18:37:22] INFO     root         Logging initialized. Writing to logs/app.log
[2026-01-03 18:38:43] INFO     root         Logging initialized. Writing to logs/app.log
[2026-01-03 18:39:07] INFO     root         Logging initialized. Writing to logs/app.log
[2026-01-03 18:40:38] INFO     root         Logging initialized. Writing to logs/app.log
[2026-01-03 18:40:57] INFO     root         Logging initialized. Writing to logs/app.log
[2026-01-03 18:42:07] INFO     root         Logging initialized. Writing to logs/app.log
[2026-01-03 18:42:26] INFO     root         Logging initialized. Writing to logs/app.log
[2026-01-03 18:43:05] INFO     root         Logging initialized. Writing to logs/app.log
[2026-01-03 18:43:25] INFO     root         Logging initialized. Writing to logs/app.log
[2026-01-03 18:44:51] INFO     root         Logging initialized. Writing to logs/app.log
[2026-01-03 18:45:10] INFO     root         Logging initialized. Writing to logs/app.log
[2026-01-03 18:45:57] INFO     root         Logging initialized. Writing to logs/app.log
[2026-01-03 18:46:16] INFO     root         Logging initialized. Writing to logs/app.log
[2026-01-03 19:44:29] INFO     root         Logging initialized. Writing to logs/app.log
[2026-01-03 19:44:48] INFO     root         Logging initialized. Writing to logs/app.log
[2026-01-03 19:52:31] INFO     root         Logging initialized. Writing to logs/app.log
[2026-01-03 19:52:32] INFO     root         Logging initialized. Writing to logs/app.log
[2026-01-03 19:52:43] INFO     root         Logging initialized. Writing to logs/app.log
[2026-01-03 19:52:43] WARNING  werkzeug      * Debugger is active!
